20959 xx
       0.00000000   21883.57789900    5194.07311968   14646.62058881  0.861636637  2.944913694 -2.297675529
  -48142.14248143   18476.04276862   -1821.03694082   19300.81884103  1.830637057  3.064610484 -1.420057629  2013  7 19  0: 0: 0.000000
  -48082.14248143   22355.59524212    8964.74534011   11884.20220009  0.278570682  2.793618736 -2.606228110  2013  7 19  0:59:59.999987
  -48022.14248143   20401.79214915   17413.12071509    1364.21350300 -1.339864555  1.795167434 -3.107778959  2013  7 19  2: 0: 0.000013
  -47962.14248143   13124.14468009   21315.45846256   -9509.60150961 -2.614524788  0.322018427 -2.797315620  2013  7 19  3: 0: 0.000000
  -47902.14248143    2396.92207018   19606.34612590  -17874.24890775 -3.211304999 -1.254021031 -1.741522527  2013  7 19  3:59:59.999987
  -47842.14248143   -8961.83950976   12663.18456368  -21458.43708567 -2.952650981 -2.518050573 -0.199105829  2013  7 19  5: 0: 0.000013
  -47782.14248143  -17876.75217752    2285.72625474  -19209.33423833 -1.880912079 -3.113386654  1.423521943  2013  7 19  6: 0: 0.000000
  -47722.14248143  -21855.54350577   -8715.76354871  -11662.52305016 -0.274475308 -2.852773240  2.671295046  2013  7 19  6:59:59.999987
  -47662.14248143  -19751.44164453  -17289.40023685    -871.36483980  1.415420651 -1.796579360  3.180476928  2013  7 19  8: 0: 0.000013
  -47602.14248143  -12150.38900615  -21053.91711842   10164.95905924  2.704901068 -0.247581508  2.805613986  2013  7 19  9: 0: 0.000000
  -47542.14248143   -1193.51847762  -19014.44083608   18404.42219049  3.237963854  1.349731473  1.667523341  2013  7 19  9:59:59.999987
  -47482.14248143   10096.65321742  -11809.17649493   21651.39512773  2.890760202  2.557263979  0.099499160  2013  7 19 11: 0: 0.000013
  -47422.14248143   18700.72207025   -1446.04945682   19120.57483042  1.783678047  3.068233566 -1.469657842  2013  7 19 12: 0: 0.000000
  -47362.14248143   22390.10243365    9303.15689857   11557.61032123  0.222195958  2.770186767 -2.636211552  2013  7 19 12:59:59.999987
  -47302.14248143   20237.84963119   17626.82754908     977.01641929 -1.391361624  1.750804594 -3.110725906  2013  7 19 14: 0: 0.000013
  -47242.14248143   12803.77192833   21347.87992510   -9856.22272106 -2.647980567  0.267827551 -2.772224521  2013  7 19 15: 0: 0.000000
  -47182.14248143    2003.18715993   19446.67783246  -18087.89205399 -3.217545841 -1.304141840 -1.694267072  2013  7 19 15:59:59.999987
  -47122.14248143   -9323.99979798   12351.25398458  -21479.34609978 -2.929085107 -2.550454003 -0.141698102  2013  7 19 17: 0: 0.000013
  -47062.14248143  -18107.54796599    1904.42540778  -19028.60625840 -1.833107387 -3.118448646  1.475425637  2013  7 19 18: 0: 0.000000
  -47002.14248143  -21889.34269559   -9061.56405023  -11327.84783180 -0.215482608 -2.828373886  2.702753039  2013  7 19 18:59:59.999987
  -46942.14248143  -19577.98601036  -17503.25475649    -475.31191360  1.468722279 -1.749484302  3.182268297  2013  7 19 20: 0: 0.000013
  -46882.14248143  -11818.76026521  -21077.21847650   10512.31743381  2.737385572 -0.191432745  2.777518719  2013  7 19 21: 0: 0.000000
  -46822.14248143    -796.42408696  -18843.23073560   18608.62490122  3.241133232  1.399102260  1.618091116  2013  7 19 21:59:59.999987
  -46762.14248143   10451.32315565  -11492.77736682   21659.82369360  2.864730739  2.586810715  0.042713078  2013  7 19 23: 0: 0.000013
  -46702.14248143   18919.78168164   -1070.57778217   18934.07554190  1.736143578  3.070902108 -1.518790408  2013  7 20  0: 0: 0.000000
